<?xml version="1.0" encoding="UTF-8"?>
<!-- Generated by org.testng.reporters.JUnitReportReporter -->
<testsuite hostname="DESKTOP-KS3RABT" name="Runners._04_TestRunnerSmoke" tests="2" failures="0" timestamp="31 Aug 2022 16:29:30 GMT" time="65.535" errors="0">
  <testcase name="runScenario" time="25.655" classname="Runners._04_TestRunnerSmoke"/>
  <testcase name="runScenario" time="39.880" classname="Runners._04_TestRunnerSmoke"/>
</testsuite> <!-- Runners._04_TestRunnerSmoke -->
